::1 - GET / HTTP/1.1 200 741 - 18.481 ms
::1 - GET /js/app.js HTTP/1.1 304 - - 1.601 ms
::1 - GET /css/styles.css HTTP/1.1 304 - - 1.649 ms
::1 - GET / HTTP/1.1 200 741 - 2.618 ms
::1 - GET /css/styles.css HTTP/1.1 304 - - 0.350 ms
::1 - GET /js/app.js HTTP/1.1 304 - - 0.307 ms
::1 - GET / HTTP/1.1 200 741 - 7.602 ms
::1 - GET /js/app.js HTTP/1.1 304 - - 0.628 ms
::1 - GET /css/styles.css HTTP/1.1 304 - - 0.750 ms
::1 - GET / HTTP/1.1 304 - - 17.777 ms
::1 - GET /js/app.js HTTP/1.1 200 820 - 2.733 ms
::1 - GET /css/styles.css HTTP/1.1 200 779 - 13.083 ms
::1 - GET / HTTP/1.1 304 - - 20.897 ms
::1 - GET /css/styles.css HTTP/1.1 304 - - 5.644 ms
::1 - GET /js/app.js HTTP/1.1 304 - - 0.513 ms
::1 - GET /weather?address=ming HTTP/1.1 200 179 - 2275.478 ms
::1 - GET /css/styles.css HTTP/1.1 304 - - 3.426 ms
::1 - GET /js/app.js HTTP/1.1 200 744 - 13.462 ms
::1 - GET / HTTP/1.1 304 - - 34.701 ms
::1 - GET /weather?address=tai HTTP/1.1 200 175 - 2011.881 ms
